2025-03-09 01:00:10,577 - INFO - Script execution started.
2025-03-09 01:00:10,577 - INFO - No files found in FULL DECOMPRESSED FILES.
2025-03-09 01:00:10,577 - INFO - Script execution ended successfully.
2025-03-09 01:00:14,926 - INFO - The NET price file was successfully loaded on 2025-03-09. A total of 0 record(s) have been updated.
2025-03-09 01:00:14,926 - INFO - Script execution ended successfully.
2025-03-10 01:00:08,842 - INFO - Script execution started.
2025-03-10 01:00:08,843 - INFO - No files found in FULL DECOMPRESSED FILES.
2025-03-10 01:00:08,843 - INFO - Script execution ended successfully.
2025-03-10 01:00:15,692 - INFO - The NET price file was successfully loaded on 2025-03-10. A total of 117 record(s) have been updated.
2025-03-10 01:00:15,692 - INFO - Script execution ended successfully.
2025-03-11 01:00:09,208 - INFO - Script execution started.
2025-03-11 01:00:09,208 - INFO - No files found in FULL DECOMPRESSED FILES.
2025-03-11 01:00:09,208 - INFO - Script execution ended successfully.
2025-03-11 01:00:13,282 - INFO - The NET price file was successfully loaded on 2025-03-11. A total of 0 record(s) have been updated.
2025-03-11 01:00:13,282 - INFO - Script execution ended successfully.
2025-03-12 01:00:08,225 - INFO - Script execution started.
2025-03-12 01:00:08,226 - INFO - No files found in FULL DECOMPRESSED FILES.
2025-03-12 01:00:08,226 - INFO - Script execution ended successfully.
2025-03-12 01:00:12,103 - INFO - The NET price file was successfully loaded on 2025-03-12. A total of 0 record(s) have been updated.
2025-03-12 01:00:12,103 - INFO - Script execution ended successfully.
2025-03-13 01:00:09,289 - INFO - Script execution started.
2025-03-13 01:00:09,289 - INFO - No files found in FULL DECOMPRESSED FILES.
2025-03-13 01:00:09,289 - INFO - Script execution ended successfully.
2025-03-13 01:00:12,523 - INFO - The NET price file was successfully loaded on 2025-03-13. A total of 0 record(s) have been updated.
2025-03-13 01:00:12,523 - INFO - Script execution ended successfully.
2025-03-14 01:00:08,244 - INFO - Script execution started.
2025-03-14 01:00:08,244 - INFO - No files found in FULL DECOMPRESSED FILES.
2025-03-14 01:00:08,244 - INFO - Script execution ended successfully.
2025-03-14 01:00:12,040 - INFO - The NET price file was successfully loaded on 2025-03-14. A total of 0 record(s) have been updated.
2025-03-14 01:00:12,041 - INFO - Script execution ended successfully.
2025-03-15 01:00:09,395 - INFO - Script execution started.
2025-03-15 01:00:09,395 - INFO - No files found in FULL DECOMPRESSED FILES.
2025-03-15 01:00:09,395 - INFO - Script execution ended successfully.
2025-03-15 01:00:13,476 - INFO - The NET price file was successfully loaded on 2025-03-15. A total of 0 record(s) have been updated.
2025-03-15 01:00:13,476 - INFO - Script execution ended successfully.
2025-03-16 01:00:11,141 - INFO - Script execution started.
2025-03-16 01:00:11,141 - INFO - No files found in FULL DECOMPRESSED FILES.
2025-03-16 01:00:11,141 - INFO - Script execution ended successfully.
2025-03-16 01:00:14,951 - INFO - The NET price file was successfully loaded on 2025-03-16. A total of 0 record(s) have been updated.
2025-03-16 01:00:14,951 - INFO - Script execution ended successfully.
2025-03-17 01:00:07,100 - INFO - Script execution started.
2025-03-17 01:00:07,101 - INFO - No files found in FULL DECOMPRESSED FILES.
2025-03-17 01:00:07,101 - INFO - Script execution ended successfully.
2025-03-17 01:00:13,841 - INFO - The NET price file was successfully loaded on 2025-03-17. A total of 200 record(s) have been updated.
2025-03-17 01:00:13,841 - INFO - Script execution ended successfully.
2025-03-18 01:00:09,011 - INFO - Script execution started.
2025-03-18 01:00:09,011 - INFO - No files found in FULL DECOMPRESSED FILES.
2025-03-18 01:00:09,011 - INFO - Script execution ended successfully.
2025-03-18 01:00:13,706 - INFO - The NET price file was successfully loaded on 2025-03-18. A total of 0 record(s) have been updated.
2025-03-18 01:00:13,706 - INFO - Script execution ended successfully.
2025-03-19 01:00:09,245 - INFO - Script execution started.
2025-03-19 01:00:09,245 - INFO - No files found in FULL DECOMPRESSED FILES.
2025-03-19 01:00:09,245 - INFO - Script execution ended successfully.
2025-03-19 01:00:15,835 - INFO - The NET price file was successfully loaded on 2025-03-19. A total of 0 record(s) have been updated.
2025-03-19 01:00:15,835 - INFO - Script execution ended successfully.
2025-03-20 01:00:09,603 - INFO - Script execution started.
2025-03-20 01:00:09,603 - INFO - No files found in FULL DECOMPRESSED FILES.
2025-03-20 01:00:09,603 - INFO - Script execution ended successfully.
2025-03-20 01:00:14,862 - INFO - The NET price file was successfully loaded on 2025-03-20. A total of 0 record(s) have been updated.
2025-03-20 01:00:14,862 - INFO - Script execution ended successfully.
2025-03-21 01:00:09,215 - INFO - Script execution started.
2025-03-21 01:00:09,216 - INFO - No files found in FULL DECOMPRESSED FILES.
2025-03-21 01:00:09,216 - INFO - Script execution ended successfully.
2025-03-21 01:00:13,437 - INFO - The NET price file was successfully loaded on 2025-03-21. A total of 0 record(s) have been updated.
2025-03-21 01:00:13,437 - INFO - Script execution ended successfully.
2025-03-22 01:00:09,182 - INFO - Script execution started.
2025-03-22 01:00:09,182 - INFO - No files found in FULL DECOMPRESSED FILES.
2025-03-22 01:00:09,182 - INFO - Script execution ended successfully.
2025-03-22 01:00:17,947 - INFO - The NET price file was successfully loaded on 2025-03-22. A total of 0 record(s) have been updated.
2025-03-22 01:00:17,948 - INFO - Script execution ended successfully.
2025-03-23 01:00:13,858 - INFO - Script execution started.
2025-03-23 01:00:13,858 - INFO - No files found in FULL DECOMPRESSED FILES.
2025-03-23 01:00:13,858 - INFO - Script execution ended successfully.
2025-03-23 01:00:22,801 - INFO - The NET price file was successfully loaded on 2025-03-23. A total of 0 record(s) have been updated.
2025-03-23 01:00:22,801 - INFO - Script execution ended successfully.
2025-03-24 01:00:10,999 - INFO - Script execution started.
2025-03-24 01:00:10,999 - INFO - No files found in FULL DECOMPRESSED FILES.
2025-03-24 01:00:10,999 - INFO - Script execution ended successfully.
2025-03-24 01:00:22,210 - INFO - The NET price file was successfully loaded on 2025-03-24. A total of 620 record(s) have been updated.
2025-03-24 01:00:22,210 - INFO - Script execution ended successfully.
2025-03-25 01:00:18,083 - INFO - Script execution started.
2025-03-25 01:00:18,083 - INFO - No files found in FULL DECOMPRESSED FILES.
2025-03-25 01:00:18,083 - INFO - Script execution ended successfully.
2025-03-25 01:00:26,694 - INFO - The NET price file was successfully loaded on 2025-03-25. A total of 0 record(s) have been updated.
2025-03-25 01:00:26,695 - INFO - Script execution ended successfully.
2025-03-26 01:00:14,832 - INFO - Script execution started.
2025-03-26 01:00:14,832 - INFO - No files found in FULL DECOMPRESSED FILES.
2025-03-26 01:00:14,832 - INFO - Script execution ended successfully.
2025-03-26 01:00:20,058 - INFO - The NET price file was successfully loaded on 2025-03-26. A total of 0 record(s) have been updated.
2025-03-26 01:00:20,058 - INFO - Script execution ended successfully.
2025-03-27 01:00:08,257 - INFO - Script execution started.
2025-03-27 01:00:08,257 - INFO - No files found in FULL DECOMPRESSED FILES.
2025-03-27 01:00:08,258 - INFO - Script execution ended successfully.
2025-03-27 01:00:16,181 - INFO - The NET price file was successfully loaded on 2025-03-27. A total of 0 record(s) have been updated.
2025-03-27 01:00:16,181 - INFO - Script execution ended successfully.
2025-03-28 01:00:09,993 - INFO - Script execution started.
2025-03-28 01:00:09,993 - INFO - No files found in FULL DECOMPRESSED FILES.
2025-03-28 01:00:09,993 - INFO - Script execution ended successfully.
2025-03-28 01:00:19,015 - INFO - The NET price file was successfully loaded on 2025-03-28. A total of 0 record(s) have been updated.
2025-03-28 01:00:19,015 - INFO - Script execution ended successfully.
2025-03-29 01:00:12,273 - INFO - Script execution started.
2025-03-29 01:00:12,277 - INFO - No files found in FULL DECOMPRESSED FILES.
2025-03-29 01:00:12,277 - INFO - Script execution ended successfully.
2025-03-29 01:00:16,559 - INFO - The NET price file was successfully loaded on 2025-03-29. A total of 0 record(s) have been updated.
2025-03-29 01:00:16,559 - INFO - Script execution ended successfully.
2025-03-30 01:00:12,038 - INFO - Script execution started.
2025-03-30 01:00:12,038 - INFO - No files found in FULL DECOMPRESSED FILES.
2025-03-30 01:00:12,038 - INFO - Script execution ended successfully.
2025-03-30 01:00:16,622 - INFO - The NET price file was successfully loaded on 2025-03-30. A total of 0 record(s) have been updated.
2025-03-30 01:00:16,622 - INFO - Script execution ended successfully.
2025-03-31 01:00:12,943 - INFO - Script execution started.
2025-03-31 01:00:12,943 - INFO - No files found in FULL DECOMPRESSED FILES.
2025-03-31 01:00:12,943 - INFO - Script execution ended successfully.
2025-03-31 01:00:26,076 - INFO - The NET price file was successfully loaded on 2025-03-31. A total of 2063 record(s) have been updated.
2025-03-31 01:00:26,076 - INFO - Script execution ended successfully.
2025-04-01 01:00:08,774 - INFO - Script execution started.
2025-04-01 01:00:08,774 - INFO - No files found in FULL DECOMPRESSED FILES.
2025-04-01 01:00:08,774 - INFO - Script execution ended successfully.
2025-04-01 01:00:13,505 - INFO - The NET price file was successfully loaded on 2025-04-01. A total of 0 record(s) have been updated.
2025-04-01 01:00:13,506 - INFO - Script execution ended successfully.
2025-04-02 01:00:10,891 - INFO - Script execution started.
2025-04-02 01:00:10,891 - INFO - No files found in FULL DECOMPRESSED FILES.
2025-04-02 01:00:10,891 - INFO - Script execution ended successfully.
2025-04-02 01:00:15,139 - INFO - The NET price file was successfully loaded on 2025-04-02. A total of 0 record(s) have been updated.
2025-04-02 01:00:15,139 - INFO - Script execution ended successfully.
2025-04-03 01:00:08,600 - INFO - Script execution started.
2025-04-03 01:00:08,600 - INFO - No files found in FULL DECOMPRESSED FILES.
2025-04-03 01:00:08,600 - INFO - Script execution ended successfully.
2025-04-03 01:00:17,108 - INFO - The NET price file was successfully loaded on 2025-04-03. A total of 0 record(s) have been updated.
2025-04-03 01:00:17,108 - INFO - Script execution ended successfully.
2025-04-04 01:00:12,872 - INFO - Script execution started.
2025-04-04 01:00:12,872 - INFO - No files found in FULL DECOMPRESSED FILES.
2025-04-04 01:00:12,872 - INFO - Script execution ended successfully.
2025-04-04 01:00:21,701 - INFO - The NET price file was successfully loaded on 2025-04-04. A total of 0 record(s) have been updated.
2025-04-04 01:00:21,702 - INFO - Script execution ended successfully.
2025-04-05 01:00:12,415 - INFO - Script execution started.
2025-04-05 01:00:12,415 - INFO - No files found in FULL DECOMPRESSED FILES.
2025-04-05 01:00:12,415 - INFO - Script execution ended successfully.
2025-04-05 01:00:21,445 - INFO - The NET price file was successfully loaded on 2025-04-05. A total of 0 record(s) have been updated.
2025-04-05 01:00:21,445 - INFO - Script execution ended successfully.
2025-04-06 01:00:09,540 - INFO - Script execution started.
2025-04-06 01:00:09,541 - INFO - No files found in FULL DECOMPRESSED FILES.
2025-04-06 01:00:09,541 - INFO - Script execution ended successfully.
2025-04-06 01:00:20,247 - INFO - The NET price file was successfully loaded on 2025-04-06. A total of 0 record(s) have been updated.
2025-04-06 01:00:20,247 - INFO - Script execution ended successfully.
2025-04-07 01:00:08,927 - INFO - Script execution started.
2025-04-07 01:00:08,927 - INFO - No files found in FULL DECOMPRESSED FILES.
2025-04-07 01:00:08,927 - INFO - Script execution ended successfully.
2025-04-07 01:00:15,352 - INFO - The NET price file was successfully loaded on 2025-04-07. A total of 321 record(s) have been updated.
2025-04-07 01:00:15,352 - INFO - Script execution ended successfully.
2025-04-08 01:00:08,857 - INFO - Script execution started.
2025-04-08 01:00:08,858 - INFO - No files found in FULL DECOMPRESSED FILES.
2025-04-08 01:00:08,858 - INFO - Script execution ended successfully.
2025-04-08 01:00:18,366 - INFO - The NET price file was successfully loaded on 2025-04-08. A total of 0 record(s) have been updated.
2025-04-08 01:00:18,366 - INFO - Script execution ended successfully.
2025-04-09 01:00:08,628 - INFO - Script execution started.
2025-04-09 01:00:08,628 - INFO - No files found in FULL DECOMPRESSED FILES.
2025-04-09 01:00:08,628 - INFO - Script execution ended successfully.
2025-04-09 01:00:13,026 - INFO - The NET price file was successfully loaded on 2025-04-09. A total of 0 record(s) have been updated.
2025-04-09 01:00:13,026 - INFO - Script execution ended successfully.
2025-04-10 01:00:09,301 - INFO - Script execution started.
2025-04-10 01:00:09,301 - INFO - No files found in FULL DECOMPRESSED FILES.
2025-04-10 01:00:09,302 - INFO - Script execution ended successfully.
2025-04-10 01:00:19,529 - INFO - The NET price file was successfully loaded on 2025-04-10. A total of 0 record(s) have been updated.
2025-04-10 01:00:19,529 - INFO - Script execution ended successfully.
2025-04-11 01:00:09,815 - INFO - Script execution started.
2025-04-11 01:00:09,815 - INFO - No files found in FULL DECOMPRESSED FILES.
2025-04-11 01:00:09,815 - INFO - Script execution ended successfully.
2025-04-11 01:00:18,414 - INFO - The NET price file was successfully loaded on 2025-04-11. A total of 0 record(s) have been updated.
2025-04-11 01:00:18,414 - INFO - Script execution ended successfully.
2025-04-12 01:00:12,646 - INFO - Script execution started.
2025-04-12 01:00:12,646 - INFO - No files found in FULL DECOMPRESSED FILES.
2025-04-12 01:00:12,646 - INFO - Script execution ended successfully.
2025-04-12 01:00:21,142 - INFO - The NET price file was successfully loaded on 2025-04-12. A total of 0 record(s) have been updated.
2025-04-12 01:00:21,142 - INFO - Script execution ended successfully.
2025-04-13 01:00:10,482 - INFO - Script execution started.
2025-04-13 01:00:10,482 - INFO - No files found in FULL DECOMPRESSED FILES.
2025-04-13 01:00:10,482 - INFO - Script execution ended successfully.
2025-04-13 01:00:18,967 - INFO - The NET price file was successfully loaded on 2025-04-13. A total of 0 record(s) have been updated.
2025-04-13 01:00:18,967 - INFO - Script execution ended successfully.
2025-04-14 01:00:09,947 - INFO - Script execution started.
2025-04-14 01:00:09,947 - INFO - No files found in FULL DECOMPRESSED FILES.
2025-04-14 01:00:09,947 - INFO - Script execution ended successfully.
2025-04-14 01:00:23,488 - INFO - The NET price file was successfully loaded on 2025-04-14. A total of 1409 record(s) have been updated.
2025-04-14 01:00:23,489 - INFO - Script execution ended successfully.
2025-04-15 01:00:08,810 - INFO - Script execution started.
2025-04-15 01:00:08,810 - INFO - No files found in FULL DECOMPRESSED FILES.
2025-04-15 01:00:08,810 - INFO - Script execution ended successfully.
2025-04-15 01:00:17,412 - INFO - The NET price file was successfully loaded on 2025-04-15. A total of 0 record(s) have been updated.
2025-04-15 01:00:17,412 - INFO - Script execution ended successfully.
2025-04-16 01:00:08,073 - INFO - Script execution started.
2025-04-16 01:00:08,073 - INFO - No files found in FULL DECOMPRESSED FILES.
2025-04-16 01:00:08,073 - INFO - Script execution ended successfully.
2025-04-16 01:00:13,035 - INFO - The NET price file was successfully loaded on 2025-04-16. A total of 0 record(s) have been updated.
2025-04-16 01:00:13,036 - INFO - Script execution ended successfully.
2025-04-17 01:00:08,266 - INFO - Script execution started.
2025-04-17 01:00:08,266 - INFO - No files found in FULL DECOMPRESSED FILES.
2025-04-17 01:00:08,266 - INFO - Script execution ended successfully.
2025-04-17 01:00:12,859 - INFO - The NET price file was successfully loaded on 2025-04-17. A total of 0 record(s) have been updated.
2025-04-17 01:00:12,859 - INFO - Script execution ended successfully.
2025-04-18 01:00:18,136 - INFO - Script execution started.
2025-04-18 01:00:18,137 - INFO - No files found in FULL DECOMPRESSED FILES.
2025-04-18 01:00:18,137 - INFO - Script execution ended successfully.
2025-04-18 01:00:23,050 - INFO - The NET price file was successfully loaded on 2025-04-18. A total of 0 record(s) have been updated.
2025-04-18 01:00:23,050 - INFO - Script execution ended successfully.
2025-04-19 01:00:13,181 - INFO - Script execution started.
2025-04-19 01:00:13,181 - INFO - No files found in FULL DECOMPRESSED FILES.
2025-04-19 01:00:13,181 - INFO - Script execution ended successfully.
2025-04-19 01:00:18,523 - INFO - The NET price file was successfully loaded on 2025-04-19. A total of 0 record(s) have been updated.
2025-04-19 01:00:18,524 - INFO - Script execution ended successfully.
2025-04-20 01:00:12,585 - INFO - Script execution started.
2025-04-20 01:00:12,585 - INFO - No files found in FULL DECOMPRESSED FILES.
2025-04-20 01:00:12,585 - INFO - Script execution ended successfully.
2025-04-20 01:00:17,441 - INFO - The NET price file was successfully loaded on 2025-04-20. A total of 0 record(s) have been updated.
2025-04-20 01:00:17,442 - INFO - Script execution ended successfully.
2025-04-21 01:00:07,567 - INFO - Script execution started.
2025-04-21 01:00:07,567 - INFO - No files found in FULL DECOMPRESSED FILES.
2025-04-21 01:00:07,567 - INFO - Script execution ended successfully.
2025-04-21 01:00:17,649 - INFO - The NET price file was successfully loaded on 2025-04-21. A total of 5581 record(s) have been updated.
2025-04-21 01:00:17,650 - INFO - Script execution ended successfully.
2025-04-22 01:00:17,979 - INFO - Script execution started.
2025-04-22 01:00:17,983 - INFO - No files found in FULL DECOMPRESSED FILES.
2025-04-22 01:00:17,983 - INFO - Script execution ended successfully.
2025-04-22 01:00:22,785 - INFO - The NET price file was successfully loaded on 2025-04-22. A total of 0 record(s) have been updated.
2025-04-22 01:00:22,786 - INFO - Script execution ended successfully.
2025-04-23 01:00:12,008 - INFO - Script execution started.
2025-04-23 01:00:12,012 - INFO - No files found in FULL DECOMPRESSED FILES.
2025-04-23 01:00:12,012 - INFO - Script execution ended successfully.
2025-04-23 01:00:17,177 - INFO - The NET price file was successfully loaded on 2025-04-23. A total of 0 record(s) have been updated.
2025-04-23 01:00:17,177 - INFO - Script execution ended successfully.
2025-04-24 01:00:09,610 - INFO - Script execution started.
2025-04-24 01:00:09,614 - INFO - No files found in FULL DECOMPRESSED FILES.
2025-04-24 01:00:09,614 - INFO - Script execution ended successfully.
2025-04-24 01:00:14,911 - INFO - The NET price file was successfully loaded on 2025-04-24. A total of 0 record(s) have been updated.
2025-04-24 01:00:14,912 - INFO - Script execution ended successfully.
2025-04-25 01:00:08,816 - INFO - Script execution started.
2025-04-25 01:00:08,846 - INFO - No files found in FULL DECOMPRESSED FILES.
2025-04-25 01:00:08,846 - INFO - Script execution ended successfully.
2025-04-25 01:00:16,593 - INFO - The NET price file was successfully loaded on 2025-04-25. A total of 0 record(s) have been updated.
2025-04-25 01:00:16,593 - INFO - Script execution ended successfully.
2025-04-26 01:00:13,101 - INFO - Script execution started.
2025-04-26 01:00:13,105 - INFO - No files found in FULL DECOMPRESSED FILES.
2025-04-26 01:00:13,105 - INFO - Script execution ended successfully.
2025-04-26 01:00:18,932 - INFO - The NET price file was successfully loaded on 2025-04-26. A total of 0 record(s) have been updated.
2025-04-26 01:00:18,932 - INFO - Script execution ended successfully.
2025-04-27 01:00:11,655 - INFO - Script execution started.
2025-04-27 01:00:11,685 - INFO - No files found in FULL DECOMPRESSED FILES.
2025-04-27 01:00:11,686 - INFO - Script execution ended successfully.
2025-04-27 01:00:16,434 - INFO - The NET price file was successfully loaded on 2025-04-27. A total of 0 record(s) have been updated.
2025-04-27 01:00:16,434 - INFO - Script execution ended successfully.
2025-04-28 01:00:12,331 - INFO - Script execution started.
2025-04-28 01:00:12,331 - INFO - No files found in FULL DECOMPRESSED FILES.
2025-04-28 01:00:12,335 - INFO - Script execution ended successfully.
2025-04-28 01:00:23,259 - INFO - The NET price file was successfully loaded on 2025-04-28. A total of 7625 record(s) have been updated.
2025-04-28 01:00:23,260 - INFO - Script execution ended successfully.
2025-04-29 01:00:09,861 - INFO - Script execution started.
2025-04-29 01:00:09,892 - INFO - No files found in FULL DECOMPRESSED FILES.
2025-04-29 01:00:09,892 - INFO - Script execution ended successfully.
2025-04-29 01:00:15,073 - INFO - The NET price file was successfully loaded on 2025-04-29. A total of 0 record(s) have been updated.
2025-04-29 01:00:15,073 - INFO - Script execution ended successfully.
2025-04-30 01:00:18,603 - INFO - Script execution started.
2025-04-30 01:00:18,603 - INFO - No files found in FULL DECOMPRESSED FILES.
2025-04-30 01:00:18,603 - INFO - Script execution ended successfully.
2025-04-30 01:00:23,794 - INFO - The NET price file was successfully loaded on 2025-04-30. A total of 0 record(s) have been updated.
2025-04-30 01:00:23,794 - INFO - Script execution ended successfully.
2025-05-01 01:00:28,461 - INFO - Script execution started.
2025-05-01 01:00:28,491 - INFO - No files found in FULL DECOMPRESSED FILES.
2025-05-01 01:00:28,492 - INFO - Script execution ended successfully.
2025-05-01 01:00:34,240 - INFO - The NET price file was successfully loaded on 2025-05-01. A total of 0 record(s) have been updated.
2025-05-01 01:00:34,240 - INFO - Script execution ended successfully.
2025-05-02 01:00:09,114 - INFO - Script execution started.
2025-05-02 01:00:09,145 - INFO - No files found in FULL DECOMPRESSED FILES.
2025-05-02 01:00:09,145 - INFO - Script execution ended successfully.
2025-05-02 01:00:15,057 - INFO - The NET price file was successfully loaded on 2025-05-02. A total of 0 record(s) have been updated.
2025-05-02 01:00:15,057 - INFO - Script execution ended successfully.
2025-05-03 01:00:09,200 - INFO - Script execution started.
2025-05-03 01:00:09,230 - INFO - No files found in FULL DECOMPRESSED FILES.
2025-05-03 01:00:09,231 - INFO - Script execution ended successfully.
2025-05-03 01:00:14,138 - INFO - The NET price file was successfully loaded on 2025-05-03. A total of 0 record(s) have been updated.
2025-05-03 01:00:14,138 - INFO - Script execution ended successfully.
2025-05-04 01:00:13,535 - INFO - Script execution started.
2025-05-04 01:00:13,539 - INFO - No files found in FULL DECOMPRESSED FILES.
2025-05-04 01:00:13,539 - INFO - Script execution ended successfully.
2025-05-04 01:00:19,302 - INFO - The NET price file was successfully loaded on 2025-05-04. A total of 0 record(s) have been updated.
2025-05-04 01:00:19,303 - INFO - Script execution ended successfully.
2025-05-05 01:00:08,634 - INFO - Script execution started.
2025-05-05 01:00:08,664 - INFO - No files found in FULL DECOMPRESSED FILES.
2025-05-05 01:00:08,664 - INFO - Script execution ended successfully.
2025-05-05 01:00:16,947 - INFO - The NET price file was successfully loaded on 2025-05-05. A total of 855 record(s) have been updated.
2025-05-05 01:00:16,947 - INFO - Script execution ended successfully.
2025-05-06 01:00:07,730 - INFO - Script execution started.
2025-05-06 01:00:07,731 - INFO - No files found in FULL DECOMPRESSED FILES.
2025-05-06 01:00:07,731 - INFO - Script execution ended successfully.
2025-05-06 01:00:12,753 - INFO - The NET price file was successfully loaded on 2025-05-06. A total of 0 record(s) have been updated.
2025-05-06 01:00:12,753 - INFO - Script execution ended successfully.
2025-05-07 01:00:08,750 - INFO - Script execution started.
2025-05-07 01:00:08,755 - INFO - No files found in FULL DECOMPRESSED FILES.
2025-05-07 01:00:08,755 - INFO - Script execution ended successfully.
2025-05-07 01:00:13,913 - INFO - The NET price file was successfully loaded on 2025-05-07. A total of 0 record(s) have been updated.
2025-05-07 01:00:13,913 - INFO - Script execution ended successfully.
2025-05-08 01:00:09,223 - INFO - Script execution started.
2025-05-08 01:00:09,227 - INFO - No files found in FULL DECOMPRESSED FILES.
2025-05-08 01:00:09,227 - INFO - Script execution ended successfully.
2025-05-08 01:00:15,509 - INFO - The NET price file was successfully loaded on 2025-05-08. A total of 0 record(s) have been updated.
2025-05-08 01:00:15,509 - INFO - Script execution ended successfully.
2025-05-09 01:00:09,890 - INFO - Script execution started.
2025-05-09 01:00:09,894 - INFO - No files found in FULL DECOMPRESSED FILES.
2025-05-09 01:00:09,894 - INFO - Script execution ended successfully.
2025-05-09 01:00:15,072 - INFO - The NET price file was successfully loaded on 2025-05-09. A total of 0 record(s) have been updated.
2025-05-09 01:00:15,072 - INFO - Script execution ended successfully.
2025-05-10 01:00:13,918 - INFO - Script execution started.
2025-05-10 01:00:13,922 - INFO - No files found in FULL DECOMPRESSED FILES.
2025-05-10 01:00:13,922 - INFO - Script execution ended successfully.
2025-05-10 01:00:19,351 - INFO - The NET price file was successfully loaded on 2025-05-10. A total of 0 record(s) have been updated.
2025-05-10 01:00:19,351 - INFO - Script execution ended successfully.
2025-05-11 01:00:11,854 - INFO - Script execution started.
2025-05-11 01:00:11,854 - INFO - No files found in FULL DECOMPRESSED FILES.
2025-05-11 01:00:11,854 - INFO - Script execution ended successfully.
2025-05-11 01:00:21,933 - INFO - The NET price file was successfully loaded on 2025-05-11. A total of 0 record(s) have been updated.
2025-05-11 01:00:21,933 - INFO - Script execution ended successfully.
2025-05-12 01:00:08,776 - INFO - Script execution started.
2025-05-12 01:00:08,776 - INFO - No files found in FULL DECOMPRESSED FILES.
2025-05-12 01:00:08,777 - INFO - Script execution ended successfully.
2025-05-12 01:00:20,119 - INFO - The NET price file was successfully loaded on 2025-05-12. A total of 87 record(s) have been updated.
2025-05-12 01:00:20,119 - INFO - Script execution ended successfully.
2025-05-13 01:00:09,572 - INFO - Script execution started.
2025-05-13 01:00:09,602 - INFO - No files found in FULL DECOMPRESSED FILES.
2025-05-13 01:00:09,602 - INFO - Script execution ended successfully.
2025-05-13 01:00:19,923 - INFO - The NET price file was successfully loaded on 2025-05-13. A total of 0 record(s) have been updated.
2025-05-13 01:00:19,923 - INFO - Script execution ended successfully.
2025-05-14 01:00:09,740 - INFO - Script execution started.
2025-05-14 01:00:09,770 - INFO - No files found in FULL DECOMPRESSED FILES.
2025-05-14 01:00:09,770 - INFO - Script execution ended successfully.
2025-05-14 01:00:19,109 - INFO - The NET price file was successfully loaded on 2025-05-14. A total of 0 record(s) have been updated.
2025-05-14 01:00:19,109 - INFO - Script execution ended successfully.
2025-05-15 01:00:21,053 - INFO - Script execution started.
2025-05-15 01:00:21,053 - INFO - No files found in FULL DECOMPRESSED FILES.
2025-05-15 01:00:21,053 - INFO - Script execution ended successfully.
2025-05-15 01:00:30,643 - INFO - The NET price file was successfully loaded on 2025-05-15. A total of 0 record(s) have been updated.
2025-05-15 01:00:30,644 - INFO - Script execution ended successfully.
2025-05-16 01:00:09,699 - INFO - Script execution started.
2025-05-16 01:00:09,703 - INFO - No files found in FULL DECOMPRESSED FILES.
2025-05-16 01:00:09,703 - INFO - Script execution ended successfully.
2025-05-16 01:00:24,704 - INFO - The NET price file was successfully loaded on 2025-05-16. A total of 0 record(s) have been updated.
2025-05-16 01:00:24,705 - INFO - Script execution ended successfully.
2025-05-17 01:00:08,417 - INFO - Script execution started.
2025-05-17 01:00:08,421 - INFO - No files found in FULL DECOMPRESSED FILES.
2025-05-17 01:00:08,421 - INFO - Script execution ended successfully.
2025-05-17 01:00:17,163 - INFO - The NET price file was successfully loaded on 2025-05-17. A total of 0 record(s) have been updated.
2025-05-17 01:00:17,163 - INFO - Script execution ended successfully.
2025-05-18 01:00:13,514 - INFO - Script execution started.
2025-05-18 01:00:13,514 - INFO - No files found in FULL DECOMPRESSED FILES.
2025-05-18 01:00:13,517 - INFO - Script execution ended successfully.
2025-05-18 01:00:14,599 - INFO - False
2025-05-18 01:00:14,599 - INFO - Script execution ended successfully.
2025-05-19 01:00:10,599 - INFO - Script execution started.
2025-05-19 01:00:10,599 - INFO - No files found in FULL DECOMPRESSED FILES.
2025-05-19 01:00:10,599 - INFO - Script execution ended successfully.
2025-05-19 01:00:11,701 - INFO - False
2025-05-19 01:00:11,701 - INFO - Script execution ended successfully.
2025-05-20 01:00:15,593 - INFO - Script execution started.
2025-05-20 01:00:15,623 - INFO - No files found in FULL DECOMPRESSED FILES.
2025-05-20 01:00:15,623 - INFO - Script execution ended successfully.
2025-05-20 01:00:16,696 - INFO - False
2025-05-20 01:00:16,696 - INFO - Script execution ended successfully.
2025-05-20 22:37:02,580 - INFO - Script execution started.
2025-05-20 22:37:02,580 - INFO - No files found in FULL DECOMPRESSED FILES.
2025-05-20 22:37:02,580 - INFO - Script execution ended successfully.
2025-05-20 22:37:03,683 - INFO - Traceback (most recent call last):
  File "/var/www/abomar-pmm-api/abomar-pmm/main/odoo/functions.py", line 480, in PROCESS_DAT_PRICE_FILE
    quantity = line[162].strip()
               ~~~~^^^^^
IndexError: string index out of range

2025-05-20 22:37:03,683 - INFO - Script execution ended successfully.
2025-05-20 23:11:18,126 - INFO - Script execution started.
2025-05-20 23:11:18,126 - INFO - No files found in FULL DECOMPRESSED FILES.
2025-05-20 23:11:18,126 - INFO - Script execution ended successfully.
2025-05-20 23:11:27,448 - INFO - The NET price file was successfully loaded on 2025-05-20. A total of 0 record(s) have been updated.
2025-05-20 23:11:27,448 - INFO - Script execution ended successfully.
2025-05-20 23:13:48,677 - INFO - Script execution started.
2025-05-20 23:13:48,677 - INFO - No files found in FULL DECOMPRESSED FILES.
2025-05-20 23:13:48,677 - INFO - Script execution ended successfully.
2025-05-20 23:13:49,772 - INFO - Traceback (most recent call last):
  File "/var/www/abomar-pmm-api/abomar-pmm/main/odoo/functions.py", line 487, in PROCESS_DAT_PRICE_FILE
    quantity = line[163].strip()
               ~~~~^^^^^
IndexError: string index out of range

2025-05-20 23:13:49,772 - INFO - Script execution ended successfully.
2025-05-20 23:22:53,917 - INFO - Script execution started.
2025-05-20 23:22:53,917 - INFO - No files found in FULL DECOMPRESSED FILES.
2025-05-20 23:22:53,917 - INFO - Script execution ended successfully.
2025-05-20 23:23:04,778 - INFO - The NET price file was successfully loaded on 2025-05-20. A total of 84 record(s) have been updated.
2025-05-20 23:23:04,779 - INFO - Script execution ended successfully.
2025-05-21 01:00:08,499 - INFO - Script execution started.
2025-05-21 01:00:08,500 - INFO - No files found in FULL DECOMPRESSED FILES.
2025-05-21 01:00:08,500 - INFO - Script execution ended successfully.
2025-05-21 01:00:18,626 - INFO - The NET price file was successfully loaded on 2025-05-21. A total of 0 record(s) have been updated.
2025-05-21 01:00:18,626 - INFO - Script execution ended successfully.
2025-05-22 01:00:08,178 - INFO - Script execution started.
2025-05-22 01:00:08,182 - INFO - No files found in FULL DECOMPRESSED FILES.
2025-05-22 01:00:08,183 - INFO - Script execution ended successfully.
2025-05-22 01:00:17,200 - INFO - The NET price file was successfully loaded on 2025-05-22. A total of 0 record(s) have been updated.
2025-05-22 01:00:17,200 - INFO - Script execution ended successfully.
2025-05-23 01:00:12,252 - INFO - Script execution started.
2025-05-23 01:00:12,282 - INFO - No files found in FULL DECOMPRESSED FILES.
2025-05-23 01:00:12,283 - INFO - Script execution ended successfully.
2025-05-23 01:00:21,595 - INFO - The NET price file was successfully loaded on 2025-05-23. A total of 0 record(s) have been updated.
2025-05-23 01:00:21,595 - INFO - Script execution ended successfully.
2025-05-24 01:00:08,551 - INFO - Script execution started.
2025-05-24 01:00:08,555 - INFO - No files found in FULL DECOMPRESSED FILES.
2025-05-24 01:00:08,555 - INFO - Script execution ended successfully.
2025-05-24 01:00:18,677 - INFO - The NET price file was successfully loaded on 2025-05-24. A total of 0 record(s) have been updated.
2025-05-24 01:00:18,677 - INFO - Script execution ended successfully.
2025-05-25 01:00:10,103 - INFO - Script execution started.
2025-05-25 01:00:10,103 - INFO - No files found in FULL DECOMPRESSED FILES.
2025-05-25 01:00:10,104 - INFO - Script execution ended successfully.
2025-05-25 01:00:19,231 - INFO - The NET price file was successfully loaded on 2025-05-25. A total of 0 record(s) have been updated.
2025-05-25 01:00:19,232 - INFO - Script execution ended successfully.
2025-05-26 14:32:39,910 - INFO - Script execution started.
2025-05-26 14:32:39,915 - INFO - No files found in FULL DECOMPRESSED FILES.
2025-05-26 14:32:39,916 - INFO - Script execution ended successfully.
2025-05-26 14:32:50,739 - INFO - The NET price file was successfully loaded on 2025-05-26. A total of 2507 record(s) have been updated.
2025-05-26 14:32:50,739 - INFO - Script execution ended successfully.
2025-05-27 01:00:12,366 - INFO - Script execution started.
2025-05-27 01:00:12,369 - INFO - No files found in FULL DECOMPRESSED FILES.
2025-05-27 01:00:12,369 - INFO - Script execution ended successfully.
2025-05-27 01:00:22,641 - INFO - The NET price file was successfully loaded on 2025-05-27. A total of 0 record(s) have been updated.
2025-05-27 01:00:22,641 - INFO - Script execution ended successfully.
2025-05-28 01:00:09,302 - INFO - Script execution started.
2025-05-28 01:00:09,306 - INFO - No files found in FULL DECOMPRESSED FILES.
2025-05-28 01:00:09,306 - INFO - Script execution ended successfully.
2025-05-28 01:00:15,122 - INFO - The NET price file was successfully loaded on 2025-05-28. A total of 0 record(s) have been updated.
2025-05-28 01:00:15,123 - INFO - Script execution ended successfully.
2025-05-29 01:00:07,736 - INFO - Script execution started.
2025-05-29 01:00:07,740 - INFO - No files found in FULL DECOMPRESSED FILES.
2025-05-29 01:00:07,740 - INFO - Script execution ended successfully.
2025-05-29 01:00:13,299 - INFO - The NET price file was successfully loaded on 2025-05-29. A total of 0 record(s) have been updated.
2025-05-29 01:00:13,299 - INFO - Script execution ended successfully.
2025-05-30 01:00:08,156 - INFO - Script execution started.
2025-05-30 01:00:08,160 - INFO - No files found in FULL DECOMPRESSED FILES.
2025-05-30 01:00:08,160 - INFO - Script execution ended successfully.
2025-05-30 01:00:15,425 - INFO - The NET price file was successfully loaded on 2025-05-30. A total of 0 record(s) have been updated.
2025-05-30 01:00:15,425 - INFO - Script execution ended successfully.
2025-05-31 01:00:09,110 - INFO - Script execution started.
2025-05-31 01:00:09,141 - INFO - No files found in FULL DECOMPRESSED FILES.
2025-05-31 01:00:09,141 - INFO - Script execution ended successfully.
2025-05-31 01:00:14,136 - INFO - The NET price file was successfully loaded on 2025-05-31. A total of 0 record(s) have been updated.
2025-05-31 01:00:14,136 - INFO - Script execution ended successfully.
2025-06-01 01:00:10,885 - INFO - Script execution started.
2025-06-01 01:00:10,889 - INFO - No files found in FULL DECOMPRESSED FILES.
2025-06-01 01:00:10,889 - INFO - Script execution ended successfully.
2025-06-01 01:00:17,230 - INFO - The NET price file was successfully loaded on 2025-06-01. A total of 8 record(s) have been updated.
2025-06-01 01:00:17,230 - INFO - Script execution ended successfully.
2025-06-02 01:00:08,271 - INFO - Script execution started.
2025-06-02 01:00:08,271 - INFO - No files found in FULL DECOMPRESSED FILES.
2025-06-02 01:00:08,271 - INFO - Script execution ended successfully.
2025-06-02 01:00:21,879 - INFO - The NET price file was successfully loaded on 2025-06-02. A total of 6409 record(s) have been updated.
2025-06-02 01:00:21,879 - INFO - Script execution ended successfully.
2025-06-03 01:00:09,208 - INFO - Script execution started.
2025-06-03 01:00:09,212 - INFO - No files found in FULL DECOMPRESSED FILES.
2025-06-03 01:00:09,212 - INFO - Script execution ended successfully.
2025-06-03 01:00:15,866 - INFO - The NET price file was successfully loaded on 2025-06-03. A total of 0 record(s) have been updated.
2025-06-03 01:00:15,866 - INFO - Script execution ended successfully.
2025-06-04 01:00:10,280 - INFO - Script execution started.
2025-06-04 01:00:10,284 - INFO - No files found in FULL DECOMPRESSED FILES.
2025-06-04 01:00:10,284 - INFO - Script execution ended successfully.
2025-06-04 01:00:16,108 - INFO - The NET price file was successfully loaded on 2025-06-04. A total of 0 record(s) have been updated.
2025-06-04 01:00:16,109 - INFO - Script execution ended successfully.
2025-06-05 01:00:10,080 - INFO - Script execution started.
2025-06-05 01:00:10,110 - INFO - No files found in FULL DECOMPRESSED FILES.
2025-06-05 01:00:10,110 - INFO - Script execution ended successfully.
2025-06-05 01:00:15,329 - INFO - The NET price file was successfully loaded on 2025-06-05. A total of 0 record(s) have been updated.
2025-06-05 01:00:15,330 - INFO - Script execution ended successfully.
2025-06-06 01:00:09,390 - INFO - Script execution started.
2025-06-06 01:00:09,394 - INFO - No files found in FULL DECOMPRESSED FILES.
2025-06-06 01:00:09,394 - INFO - Script execution ended successfully.
2025-06-06 01:00:20,383 - INFO - The NET price file was successfully loaded on 2025-06-06. A total of 0 record(s) have been updated.
2025-06-06 01:00:20,383 - INFO - Script execution ended successfully.
2025-06-07 01:00:08,082 - INFO - Script execution started.
2025-06-07 01:00:08,085 - INFO - No files found in FULL DECOMPRESSED FILES.
2025-06-07 01:00:08,085 - INFO - Script execution ended successfully.
2025-06-07 01:00:13,615 - INFO - The NET price file was successfully loaded on 2025-06-07. A total of 0 record(s) have been updated.
2025-06-07 01:00:13,615 - INFO - Script execution ended successfully.
2025-06-08 01:00:13,259 - INFO - Script execution started.
2025-06-08 01:00:13,259 - INFO - No files found in FULL DECOMPRESSED FILES.
2025-06-08 01:00:13,259 - INFO - Script execution ended successfully.
2025-06-08 01:00:21,555 - INFO - The NET price file was successfully loaded on 2025-06-08. A total of 0 record(s) have been updated.
2025-06-08 01:00:21,555 - INFO - Script execution ended successfully.
2025-06-09 01:00:08,011 - INFO - Script execution started.
2025-06-09 01:00:08,011 - INFO - No files found in FULL DECOMPRESSED FILES.
2025-06-09 01:00:08,011 - INFO - Script execution ended successfully.
2025-06-09 01:06:37,396 - INFO - The NET price file was successfully loaded on 2025-06-09. A total of 308845 record(s) have been updated.
2025-06-09 01:06:37,396 - INFO - Script execution ended successfully.
2025-06-10 01:00:14,121 - INFO - Script execution started.
2025-06-10 01:00:14,125 - INFO - No files found in FULL DECOMPRESSED FILES.
2025-06-10 01:00:14,125 - INFO - Script execution ended successfully.
2025-06-10 01:00:21,792 - INFO - The NET price file was successfully loaded on 2025-06-10. A total of 0 record(s) have been updated.
2025-06-10 01:00:21,792 - INFO - Script execution ended successfully.
2025-06-11 01:00:09,383 - INFO - Script execution started.
2025-06-11 01:00:09,387 - INFO - No files found in FULL DECOMPRESSED FILES.
2025-06-11 01:00:09,387 - INFO - Script execution ended successfully.
2025-06-11 01:00:23,184 - INFO - The NET price file was successfully loaded on 2025-06-11. A total of 0 record(s) have been updated.
2025-06-11 01:00:23,184 - INFO - Script execution ended successfully.
2025-06-12 01:00:07,548 - INFO - Script execution started.
2025-06-12 01:00:07,552 - INFO - No files found in FULL DECOMPRESSED FILES.
2025-06-12 01:00:07,552 - INFO - Script execution ended successfully.
2025-06-12 01:00:16,700 - INFO - The NET price file was successfully loaded on 2025-06-12. A total of 0 record(s) have been updated.
2025-06-12 01:00:16,701 - INFO - Script execution ended successfully.
2025-06-13 01:00:09,135 - INFO - Script execution started.
2025-06-13 01:00:09,139 - INFO - No files found in FULL DECOMPRESSED FILES.
2025-06-13 01:00:09,139 - INFO - Script execution ended successfully.
2025-06-13 01:00:18,928 - INFO - The NET price file was successfully loaded on 2025-06-13. A total of 0 record(s) have been updated.
2025-06-13 01:00:18,928 - INFO - Script execution ended successfully.
2025-06-14 01:00:08,041 - INFO - Script execution started.
2025-06-14 01:00:08,044 - INFO - No files found in FULL DECOMPRESSED FILES.
2025-06-14 01:00:08,045 - INFO - Script execution ended successfully.
2025-06-14 01:00:15,858 - INFO - The NET price file was successfully loaded on 2025-06-14. A total of 0 record(s) have been updated.
2025-06-14 01:00:15,858 - INFO - Script execution ended successfully.
2025-06-15 01:00:10,958 - INFO - Script execution started.
2025-06-15 01:00:10,958 - INFO - No files found in FULL DECOMPRESSED FILES.
2025-06-15 01:00:10,959 - INFO - Script execution ended successfully.
2025-06-15 01:00:23,688 - INFO - The NET price file was successfully loaded on 2025-06-15. A total of 0 record(s) have been updated.
2025-06-15 01:00:23,688 - INFO - Script execution ended successfully.
2025-06-16 01:00:07,047 - INFO - Script execution started.
2025-06-16 01:00:07,048 - INFO - No files found in FULL DECOMPRESSED FILES.
2025-06-16 01:00:07,048 - INFO - Script execution ended successfully.
2025-06-16 01:00:19,553 - INFO - The NET price file was successfully loaded on 2025-06-16. A total of 1993 record(s) have been updated.
2025-06-16 01:00:19,553 - INFO - Script execution ended successfully.
2025-06-17 01:00:07,736 - INFO - Script execution started.
2025-06-17 01:00:07,740 - INFO - No files found in FULL DECOMPRESSED FILES.
2025-06-17 01:00:07,740 - INFO - Script execution ended successfully.
2025-06-17 01:00:14,694 - INFO - The NET price file was successfully loaded on 2025-06-17. A total of 0 record(s) have been updated.
2025-06-17 01:00:14,695 - INFO - Script execution ended successfully.
2025-06-18 01:00:25,642 - INFO - Script execution started.
2025-06-18 01:00:25,645 - INFO - No files found in FULL DECOMPRESSED FILES.
2025-06-18 01:00:25,645 - INFO - Script execution ended successfully.
2025-06-18 01:00:32,785 - INFO - The NET price file was successfully loaded on 2025-06-18. A total of 0 record(s) have been updated.
2025-06-18 01:00:32,785 - INFO - Script execution ended successfully.
